O O O B-fromloc.city_name O B-toloc.city_name O O O O O O O O O O
O O O B-fromloc.city_name O B-toloc.city_name O O O O O O O O O O
O O O B-fromloc.city_name O B-toloc.city_name O O O O O O O O O O
O O O B-fromloc.city_name O B-toloc.city_name O O O O O O O O O O
O O O B-fromloc.city_name O B-toloc.city_name O O O O O O O O O O
O O O B-fromloc.city_name O B-toloc.city_name O O O O O O O O O O
O O O O O O B-fromloc.country_name I-fromloc.country_name I-fromloc.country_name I-fromloc.country_name O B-toloc.country_name
O O O O O O B-fromloc.country_name I-fromloc.country_name I-fromloc.country_name I-fromloc.country_name O B-toloc.country_name
O O O O O O B-fromloc.country_name I-fromloc.country_name I-fromloc.country_name I-fromloc.country_name O B-toloc.country_name
O O O O O O B-fromloc.country_name I-fromloc.country_name I-fromloc.country_name I-fromloc.country_name O B-toloc.country_name
O O O O O O B-fromloc.country_name O B-toloc.country_name I-toloc.country_name I-toloc.country_name I-toloc.country_name
O O O O O O B-fromloc.country_name I-fromloc.country_name I-fromloc.country_name I-fromloc.country_name O B-toloc.country_name I-toloc.country_name I-toloc.country_name I-toloc.country_name
O O O O O O B-state_name
O O O O O O B-state_name
O O O O O O B-state_name
O O O O O O B-state_name
O O O O O O B-state_name
O O O O O O B-state_name
O O O O B-fromloc.city_name O B-toloc.city_name O O B-fromloc.city_name O O O B-fromloc.city_name O B-toloc.city_name I-toloc.city_name O O B-fromloc.city_name
O O O O B-fromloc.city_name O B-toloc.city_name O O B-fromloc.city_name O O O B-fromloc.city_name O B-toloc.city_name I-toloc.city_name O O B-fromloc.city_name
O O O O B-fromloc.city_name O B-toloc.city_name O O B-fromloc.city_name O O O B-fromloc.city_name O B-toloc.city_name I-toloc.city_name O O B-fromloc.city_name
O O O O B-fromloc.city_name O B-toloc.city_name O O B-fromloc.city_name O O O B-fromloc.city_name O B-toloc.city_name I-toloc.city_name O O B-fromloc.city_name
O O O O B-fromloc.city_name O B-toloc.city_name O O B-fromloc.city_name O O O B-fromloc.city_name O B-toloc.city_name I-toloc.city_name O O B-fromloc.city_name
O O O O B-fromloc.city_name O B-toloc.city_name O O B-fromloc.city_name O O O B-fromloc.city_name O B-toloc.city_name I-toloc.city_name O O B-fromloc.city_name
O O B-airport_name I-airport_name O O O B-transport_type O O
O O B-airport_name I-airport_name O O O B-transport_type O O
O O B-airport_name I-airport_name O O O B-transport_type O O
O O B-airport_name I-airport_name O O O B-transport_type O O
O O B-airport_name I-airport_name O O O B-transport_type O O
O O B-airport_name I-airport_name O O O B-transport_type O O
O O O B-toloc.city_name O O B-fromloc.city_name
O O O B-toloc.city_name O O B-fromloc.city_name
O O O B-toloc.city_name O O B-fromloc.city_name
O O O B-toloc.city_name O O B-fromloc.city_name
O O O B-toloc.city_name O O B-fromloc.city_name
O O O B-toloc.city_name O O B-fromloc.city_name
O O O B-fromloc.city_name O B-toloc.city_name O B-arrive_time.time_relative B-arrive_time.time I-arrive_time.time O O O O
O O O B-fromloc.city_name O B-toloc.city_name O B-arrive_time.time_relative B-arrive_time.time I-arrive_time.time O O O O
O O O B-fromloc.city_name O B-toloc.city_name O B-arrive_time.time_relative B-arrive_time.time I-arrive_time.time O O O O
O O O B-fromloc.city_name O B-toloc.city_name O B-arrive_time.time_relative B-arrive_time.time I-arrive_time.time O O O O
O O O B-fromloc.city_name O B-toloc.city_name O B-arrive_time.time_relative B-arrive_time.time I-arrive_time.time O O O O
O O O B-fromloc.city_name O B-toloc.city_name O B-arrive_time.time_relative B-arrive_time.time I-arrive_time.time O O O O
O O O O O O O B-airport_name I-airport_name O O O B-depart_time.time_relative B-depart_time.time I-depart_time.time
O O O O O O O B-airport_name I-airport_name O O O B-depart_time.time_relative B-depart_time.time I-depart_time.time
O O O O O O O B-airport_name I-airport_name O O O B-depart_time.time_relative B-depart_time.time I-depart_time.time
O O O O O O O B-airport_name I-airport_name O O O B-depart_time.time_relative B-depart_time.time I-depart_time.time
O O O O O O O B-airport_name I-airport_name O O O B-depart_time.time_relative B-depart_time.time I-depart_time.time
O O O O O O O B-airport_name I-airport_name O O O B-depart_time.time_relative B-depart_time.time I-depart_time.time
O O O O O O O O O O O B-airport_code
O O O O O O O O O O O B-airport_code
O O O O O O O O O O O B-airport_code
O O O O O O O O O O O B-airport_code
O O O O O O O O O O O B-airport_code
O O O O O O O O O O O B-airport_code
O O O O O O O B-airport_name I-airport_name O O O O O O O
O O O O O O O B-airport_name I-airport_name O O O O O O O
O O O O O O O B-airport_name I-airport_name O O O O O O O
O O O O O O O B-airport_name I-airport_name O O O O O O O
O O O O O O O B-airport_name I-airport_name O O O O O O O
O O O O O O O B-airport_name I-airport_name O O O O O O O
O O O O O O O B-city_name I-city_name O O O O O B-time_relative B-time
O O O O O O O B-city_name I-city_name O O O O O B-time_relative B-time
O O O O O O O B-city_name I-city_name O O O O O B-time_relative B-time
O O O O O O O B-city_name I-city_name O O O O O B-time_relative B-time
O O O O O O O B-city_name I-city_name O O O O O B-time_relative B-time
O O O O O O O B-city_name I-city_name O O O O O B-time_relative B-time
O O O O O O O B-fromloc.city_name O B-toloc.city_name O B-depart_time.time_relative B-depart_time.time I-depart_time.time O B-depart_date.day_name
O O O O O O O B-fromloc.city_name O B-toloc.city_name O B-depart_time.time_relative B-depart_time.time I-depart_time.time O B-depart_date.day_name
O O O O O O O B-fromloc.city_name O B-toloc.city_name O B-depart_time.time_relative B-depart_time.time I-depart_time.time O B-depart_date.day_name
O O O O O O O B-fromloc.city_name O B-toloc.city_name O B-depart_time.time_relative B-depart_time.time I-depart_time.time O B-depart_date.day_name
O O O O O O O B-fromloc.city_name O B-toloc.city_name O B-depart_time.time_relative B-depart_time.time I-depart_time.time O B-depart_date.day_name
O O O O O O O B-fromloc.city_name O B-toloc.city_name O B-depart_time.time_relative B-depart_time.time I-depart_time.time O B-depart_date.day_name
O B-meal O O O O O O O B-fromloc.city_name O B-toloc.city_name O B-depart_date.day_name
O B-meal O O O O O O O B-fromloc.city_name O B-toloc.city_name O B-depart_date.day_name
O B-meal O O O O O O O B-fromloc.city_name O B-toloc.city_name O B-depart_date.day_name
O B-meal O O O O O O O B-fromloc.city_name O B-toloc.city_name O B-depart_date.day_name
O B-meal O O O O O O O B-fromloc.city_name O B-toloc.city_name O B-depart_date.day_name
O B-meal O O O O O O O B-fromloc.city_name O B-toloc.city_name O B-depart_date.day_name
O O O O O O B-airport_code O O B-country_name
O O O O O O B-airport_code O O B-country_name
O O O O O O B-airport_code O O B-country_name
O O O O O O B-airport_code O O B-country_name
O O O O O O B-airport_code O O B-country_name
O O O O O O B-airport_code O O B-country_name
O O O B-cost_relative O O O O O B-fromloc.city_name O B-toloc.city_name O B-depart_date.day_name
O O O B-cost_relative O O O O O B-fromloc.city_name O B-toloc.city_name O B-depart_date.day_name
O O O B-cost_relative O O O O O B-fromloc.city_name O B-toloc.city_name O B-depart_date.day_name
O O O B-cost_relative O O O O O B-fromloc.city_name O B-toloc.city_name O B-depart_date.day_name
O O O B-cost_relative O O O O O B-fromloc.city_name O B-toloc.city_name O B-depart_date.day_name
O O O B-cost_relative O O O O O B-fromloc.city_name O B-toloc.city_name O B-depart_date.day_name
O O O O O O O O O B-toloc.city_name O B-fromloc.city_name
O O O O O O O O O B-toloc.city_name O B-fromloc.city_name
O O O O O O O O O B-toloc.city_name O B-fromloc.city_name
O O O O O O O O O B-toloc.city_name O B-fromloc.city_name
O O O O O O O O O B-toloc.city_name O B-fromloc.city_name
O O O O O O O O O B-toloc.city_name O B-fromloc.city_name
O O O O O O O O O O O B-fromloc.city_name O B-toloc.city_name O B-arrive_time.time_relative B-arrive_time.time
O O O O O O O O O O O B-fromloc.city_name O B-toloc.city_name O B-arrive_time.time_relative B-arrive_time.time
O O O O O O O O O O O B-fromloc.city_name O B-toloc.city_name O B-arrive_time.time_relative B-arrive_time.time
O O O O O O O O O O O B-fromloc.city_name O B-toloc.city_name O B-arrive_time.time_relative B-arrive_time.time
O O O O O O O O O O O B-fromloc.city_name O B-toloc.city_name O B-arrive_time.time_relative B-arrive_time.time
O O O O O O O O O O O B-fromloc.city_name O B-toloc.city_name O B-arrive_time.time_relative B-arrive_time.time
O O O B-flight_time I-flight_time O O O B-fromloc.city_name O B-toloc.city_name O B-depart_date.month_name B-depart_date.day_number
O O O B-flight_time I-flight_time O O O B-fromloc.city_name O B-toloc.city_name O B-depart_date.month_name B-depart_date.day_number
O O O B-flight_time I-flight_time O O O B-fromloc.city_name O B-toloc.city_name O B-depart_date.month_name B-depart_date.day_number
O O O B-flight_time I-flight_time O O O B-fromloc.city_name O B-toloc.city_name O B-depart_date.month_name B-depart_date.day_number
O O O B-flight_time I-flight_time O O O B-fromloc.city_name O B-toloc.city_name O B-depart_date.month_name B-depart_date.day_number
O O O B-flight_time I-flight_time O O O B-fromloc.city_name O B-toloc.city_name O B-depart_date.month_name B-depart_date.day_number
O O O O O O O O O O O B-airline_name I-airline_name I-airline_name
O O O O O O O O O O O B-airline_name I-airline_name I-airline_name
O O O O O O O O O O O B-airline_name I-airline_name I-airline_name
O O O O O O O O O O O B-airline_name I-airline_name I-airline_name
O O O O O O O O O O O B-airline_name I-airline_name I-airline_name
O O O O O O O O O O O B-airline_name I-airline_name I-airline_name
O O O O O B-class_type I-class_type O O B-airline_name I-airline_name O O O O B-fare_amount I-fare_amount O O
O O O O O B-class_type I-class_type O O B-airline_name I-airline_name O O O O B-fare_amount I-fare_amount O O
O O O O O B-class_type I-class_type O O B-airline_name I-airline_name O O O O B-fare_amount I-fare_amount O O
O O O O O B-class_type I-class_type O O B-airline_name I-airline_name O O O O B-fare_amount I-fare_amount O O
O O O O O B-class_type I-class_type O O B-airline_name I-airline_name O O O O B-fare_amount I-fare_amount O O
O O O O O B-class_type I-class_type O O B-airline_name I-airline_name O O O O B-fare_amount I-fare_amount O O
O O O O O O O O O O O O O O O O O B-fromloc.city_name O B-toloc.city_name
O O O O O O O O O O O O O O O O O B-fromloc.city_name O B-toloc.city_name
O O O O O O O O O O O O O O O O O B-fromloc.city_name O B-toloc.city_name
O O O O O O O O O O O O O O O O O B-fromloc.city_name O B-toloc.city_name
O O O O O O O O O O O O O O O O O B-fromloc.city_name O B-toloc.city_name
O O O O O O O O O O O O O O O O O B-fromloc.city_name O B-toloc.city_name
O O O O O O O O O O O O O O O O O O O B-arrive_date.month_name B-arrive_date.day_number
O O O O O O O O O O O O O O O O O O O B-arrive_date.month_name B-arrive_date.day_number
O O O O O O O O O O O O O O O O O O O B-arrive_date.month_name B-arrive_date.day_number
O O O O O O O O O O O O O O O O O O O B-arrive_date.month_name B-arrive_date.day_number
O O O O O O O O O O O O O O O O O O O B-arrive_date.month_name B-arrive_date.day_number
O O O O O O O O O O O O O O O O O O O B-arrive_date.month_name B-arrive_date.day_number
O O B-aircraft_code O O O O O O O B-fromloc.city_name O B-toloc.city_name O O O O O O B-mod O
O O B-aircraft_code O O O O O O O B-fromloc.city_name O B-toloc.city_name O O O O O O B-mod O
O O B-aircraft_code O O O O O O O B-fromloc.city_name O B-toloc.city_name O O O O O O B-mod O
O O B-aircraft_code O O O O O O O B-fromloc.city_name O B-toloc.city_name O O O O O O B-mod O
O O B-aircraft_code O O O O O O O B-fromloc.city_name O B-toloc.city_name O O O O O O B-mod O
O O B-aircraft_code O O O O O O O B-fromloc.city_name O B-toloc.city_name O O O O O O B-mod O
O O O O O O O O O O O O O O O O O B-fromloc.city_name O B-toloc.city_name
O O O O O O O O O O O O O O O O O B-fromloc.city_name O B-toloc.city_name
O O O O O O O O O O O O O O O O O B-fromloc.city_name O B-toloc.city_name
O O O O O O O O O O O O O O O O O B-fromloc.city_name O B-toloc.city_name
O O O O O O O O O O O O O O O O O B-fromloc.city_name O B-toloc.city_name
O O O O O O O O O O O O O O O O O B-fromloc.city_name O B-toloc.city_name
O O O O O B-fromloc.city_name O B-toloc.city_name O O O O O O O O O B-arrive_time.time_relative B-arrive_time.time I-arrive_time.time
O O O O O B-fromloc.city_name O B-toloc.city_name O O O O O O O O O B-arrive_time.time_relative B-arrive_time.time I-arrive_time.time
O O O O O B-fromloc.city_name O B-toloc.city_name O O O O O O O O O B-arrive_time.time_relative B-arrive_time.time I-arrive_time.time
O O O O O B-fromloc.city_name O B-toloc.city_name O O O O O O O O O B-arrive_time.time_relative B-arrive_time.time I-arrive_time.time
O O O O O B-fromloc.city_name O B-toloc.city_name O O O O O O O O O B-arrive_time.time_relative B-arrive_time.time I-arrive_time.time
O O O O O B-fromloc.city_name O B-toloc.city_name O O O O O O O O O B-arrive_time.time_relative B-arrive_time.time I-arrive_time.time
O O O O O O O O O O O O O O O O O O O O O O O O O B-fromloc.city_name O B-toloc.city_name I-toloc.city_name O O O O B-fare_amount I-fare_amount
O O O O O O O O O O O O O O O O O O O O O O O O O B-fromloc.city_name O B-toloc.city_name I-toloc.city_name O O O O B-fare_amount I-fare_amount
O O O O O O O O O O O O O O O O O O O O O O O O O B-fromloc.city_name O B-toloc.city_name I-toloc.city_name O O O O B-fare_amount I-fare_amount
O O O O O O O O O O O O O O O O O O O O O O O O O B-fromloc.city_name O B-toloc.city_name I-toloc.city_name O O O O B-fare_amount I-fare_amount
O O O O O O O O O O O O O O O O O O O O O O O O O B-fromloc.city_name O B-toloc.city_name I-toloc.city_name O O O O B-fare_amount I-fare_amount
O O O O O O O O O O O O O O O O O O O O O O O O O B-fromloc.city_name O B-toloc.city_name I-toloc.city_name O O O O B-fare_amount I-fare_amount
O O O O O O O O O O O O O O O B-airport_name I-airport_name
O O O O O O O O O O O O O O O B-airport_name I-airport_name
O O O O O O O O O O O O O O O B-airport_name I-airport_name
O O O O O O O O O O O O O O O B-airport_name I-airport_name
O O O O O O O O O O O O O O O B-airport_name I-airport_name
O O O O O O O O O O O O O O O B-airport_name I-airport_name
O O O B-fromloc.city_name O B-toloc.city_name O O O O O O O O B-meal_description
O O O B-fromloc.city_name O B-toloc.city_name O O O O O O O O B-meal_description
O O O B-fromloc.city_name O B-toloc.city_name O O O O O O O O B-meal_description
O O O B-fromloc.city_name O B-toloc.city_name O O O O O O O O B-meal_description
O O O B-fromloc.city_name O B-toloc.city_name O O O O O O O O B-meal_description
O O O B-fromloc.city_name O B-toloc.city_name O O O O O O O O B-meal_description
O O O B-toloc.city_name O O O O O O O O O B-fromloc.city_name I-fromloc.city_name
O O O B-toloc.city_name O O O O O O O O O B-fromloc.city_name I-fromloc.city_name
O O O B-toloc.city_name O O O O O O O O O B-fromloc.city_name I-fromloc.city_name
O O O B-toloc.city_name O O O O O O O O O B-fromloc.city_name I-fromloc.city_name
O O O B-toloc.city_name O O O O O O O O O B-fromloc.city_name I-fromloc.city_name
O O O B-toloc.city_name O O O O O O O O O B-fromloc.city_name I-fromloc.city_name
O O O O O O O O O O O O O O O O O O O B-aircraft_code
O O O O O O O O O O O O O O O O O O O B-aircraft_code
O O O O O O O O O O O O O O O O O O O B-aircraft_code
O O O O O O O O O O O O O O O O O O O B-aircraft_code
O O O O O O O O O O O O O O O O O O O B-aircraft_code
O O O O O O O O O O O O O O O O O O O B-aircraft_code
O O O O B-toloc.city_name I-toloc.city_name O B-depart_date.day_name O O O B-arrive_date.day_name
O O O O B-toloc.city_name I-toloc.city_name O B-depart_date.day_name O O O B-arrive_date.day_name
O O O O B-toloc.city_name I-toloc.city_name O B-depart_date.day_name O O O B-arrive_date.day_name
O O O O B-toloc.city_name I-toloc.city_name O B-depart_date.day_name O O O B-arrive_date.day_name
O O O O B-toloc.city_name I-toloc.city_name O B-depart_date.day_name O O O B-arrive_date.day_name
O O O O B-toloc.city_name I-toloc.city_name O B-depart_date.day_name O O O B-arrive_date.day_name
O O O O O O O B-toloc.city_name I-toloc.city_name O B-depart_date.date_relative B-depart_date.day_name
O O O O O O O B-toloc.city_name I-toloc.city_name O B-depart_date.date_relative B-depart_date.day_name
O O O O O O O B-toloc.city_name I-toloc.city_name O B-depart_date.date_relative B-depart_date.day_name
O O O O O O O B-toloc.city_name I-toloc.city_name O B-depart_date.date_relative B-depart_date.day_name
O O O O O O O B-toloc.city_name I-toloc.city_name O B-depart_date.date_relative B-depart_date.day_name
O O O O O O O B-toloc.city_name I-toloc.city_name O B-depart_date.date_relative B-depart_date.day_name
O O O O B-toloc.city_name I-toloc.city_name O B-fromloc.city_name O B-stoploc.city_name
O O O O B-toloc.city_name I-toloc.city_name O B-fromloc.city_name O B-stoploc.city_name
O O O O B-toloc.city_name I-toloc.city_name O B-fromloc.city_name O B-stoploc.city_name
O O O O B-toloc.city_name I-toloc.city_name O B-fromloc.city_name O B-stoploc.city_name
O O O O B-toloc.city_name I-toloc.city_name O B-fromloc.city_name O B-stoploc.city_name
O O O O B-toloc.city_name I-toloc.city_name O B-fromloc.city_name O B-stoploc.city_name
O O O O O O O O O O O B-fromloc.city_name O B-toloc.country_name
O O O O O O O O O O O B-fromloc.city_name O B-toloc.country_name
O O O O O O O O O O O B-fromloc.city_name O B-toloc.country_name
O O O O O O O O O O O B-fromloc.city_name O B-toloc.country_name
O O O O O O O O O O O B-fromloc.city_name O B-toloc.country_name
O O O O O O O O O O O B-fromloc.city_name O B-toloc.country_name
O O B-airport_name I-airport_name I-airport_name
O O B-airport_name I-airport_name I-airport_name
O O B-airport_name I-airport_name I-airport_name
O O B-airport_name I-airport_name I-airport_name
O O B-airport_name I-airport_name I-airport_name
O O B-airport_name I-airport_name I-airport_name
O O O O O B-city_name
O O O O O B-city_name
O O O O O B-city_name
O O O O O B-city_name
O O O O O B-city_name
O O O O O B-city_name